<?xml version="1.0" encoding="UTF-8"?>
<!-- Generated by org.testng.reporters.JUnitReportReporter -->
<testsuite skipped="0" hostname="LAPTOP-103PKHTO" name="testRunner.RunnerTest" tests="1" failures="0" timestamp="10 Sep 2021 16:24:45 GMT" time="27.759" errors="0">
  <testcase name="runScenario" time="27.759" classname="testRunner.RunnerTest"/>
</testsuite> <!-- testRunner.RunnerTest -->
