<?xml version="1.0" encoding="UTF-8"?>
<!-- Generated by org.testng.reporters.JUnitReportReporter -->
<testsuite skipped="0" hostname="LAPTOP-103PKHTO" name="testRunner.RunnerTest" tests="1" failures="0" timestamp="07 Sep 2021 21:40:29 GMT" time="22.521" errors="0">
  <testcase name="runScenario" time="22.521" classname="testRunner.RunnerTest"/>
</testsuite> <!-- testRunner.RunnerTest -->
